The app/app/build/outputs/logs/manifest-merger-release-report.txt
-- Merging decision tree log ---
manifest
ADDED from src/main/AndroidManifest.xml:2:1-133:12
	package
		ADDED from src/main/AndroidManifest.xml:3:2-30
		INJECTED from src/main/AndroidManifest.xml
		INJECTED from src/main/AndroidManifest.xml
	android:versionName
		ADDED from src/main/AndroidManifest.xml:4:2-27
		INJECTED from src/main/AndroidManifest.xml
		INJECTED from src/main/AndroidManifest.xml
	android:versionCode
		ADDED from src/main/AndroidManifest.xml:3:31-54
		INJECTED from src/main/AndroidManifest.xml
		INJECTED from src/main/AndroidManifest.xml
	xmlns:android
		ADDED from src/main/AndroidManifest.xml:2:11-69
uses-sdk
ADDED from src/main/AndroidManifest.xml:6:2-71
MERGED from [com.android.support:design:25.3.1] AndroidManifest.xml:21:5-23:62
MERGED from [com.android.support:appcompat-v7:25.3.1] AndroidManifest.xml:21:5-23:78
MERGED from [com.android.support:animated-vector-drawable:25.3.1] AndroidManifest.xml:20:5-44
MERGED from [com.android.support:support-vector-drawable:25.3.1] AndroidManifest.xml:20:5-43
MERGED from [com.android.support:recyclerview-v7:25.3.1] AndroidManifest.xml:20:5-43
MERGED from [com.android.support:transition:25.3.1] AndroidManifest.xml:20:5-44
MERGED from [com.android.support:support-v4:25.3.1] AndroidManifest.xml:21:5-23:54
MERGED from [com.android.support:support-fragment:25.3.1] AndroidManifest.xml:21:5-23:60
MERGED from [com.android.support:support-media-compat:25.3.1] AndroidManifest.xml:21:5-23:63
MERGED from [com.android.support:support-core-utils:25.3.1] AndroidManifest.xml:21:5-23:61
MERGED from [com.android.support:gridlayout-v7:25.3.1] AndroidManifest.xml:20:5-43
MERGED from [com.android.support:support-core-ui:25.3.1] AndroidManifest.xml:21:5-23:58
MERGED from [com.android.support:support-compat:25.3.1] AndroidManifest.xml:21:5-23:58
MERGED from [com.android.support:cardview-v7:25.3.1] AndroidManifest.xml:20:5-43
	tools:overrideLibrary
		ADDED from [com.android.support:design:25.3.1] AndroidManifest.xml:23:9-59
	android:targetSdkVersion
		ADDED from src/main/AndroidManifest.xml:6:39-68
		INJECTED from src/main/AndroidManifest.xml
		INJECTED from src/main/AndroidManifest.xml
	android:minSdkVersion
		ADDED from src/main/AndroidManifest.xml:6:12-38
		INJECTED from src/main/AndroidManifest.xml
		INJECTED from src/main/AndroidManifest.xml
uses-permission#android.permission.INTERNET
ADDED from src/main/AndroidManifest.xml:8:2-9:23
	android:name
		ADDED from src/main/AndroidManifest.xml:8:19-61
uses-permission#android.permission.RECEIVE_BOOT_COMPLETED
ADDED from src/main/AndroidManifest.xml:11:2-12:23
	android:name
		ADDED from src/main/AndroidManifest.xml:11:19-75
uses-permission#android.permission.BLUETOOTH
ADDED from src/main/AndroidManifest.xml:14:5-15:23
	android:name
		ADDED from src/main/AndroidManifest.xml:14:22-65
uses-permission#android.permission.BLUETOOTH_ADMIN
ADDED from src/main/AndroidManifest.xml:17:5-18:23
	android:name
		ADDED from src/main/AndroidManifest.xml:17:22-71
uses-permission#android.permission.ACCESS_NETWORK_STATE
ADDED from src/main/AndroidManifest.xml:20:2-21:20
	android:name
		ADDED from src/main/AndroidManifest.xml:20:19-73
uses-permission#android.permission.CHANGE_NETWORK_STATE
ADDED from src/main/AndroidManifest.xml:23:2-24:20
	android:name
		ADDED from src/main/AndroidManifest.xml:23:19-73
uses-permission#android.permission.BLUETOOTH_PRIVILEGED
ADDED from src/main/AndroidManifest.xml:26:2-75
	android:name
		ADDED from src/main/AndroidManifest.xml:26:19-73
uses-feature#android.hardware.bluetooth_le
ADDED from src/main/AndroidManifest.xml:28:5-90
	android:required
		ADDED from src/main/AndroidManifest.xml:28:64-87
	android:name
		ADDED from src/main/AndroidManifest.xml:28:19-63
uses-permission#android.permission.READ_PHONE_STATE
ADDED from src/main/AndroidManifest.xml:32:2-71
	android:name
		ADDED from src/main/AndroidManifest.xml:32:19-69
uses-permission#android.permission.WAKE_LOCK
ADDED from src/main/AndroidManifest.xml:34:5-67
	android:name
		ADDED from src/main/AndroidManifest.xml:34:22-65
uses-permission#android.permission.BATTERY_STATS
ADDED from src/main/AndroidManifest.xml:36:5-71
	android:name
		ADDED from src/main/AndroidManifest.xml:36:22-69
application
ADDED from src/main/AndroidManifest.xml:38:2-131:16
MERGED from [com.android.support:design:25.3.1] AndroidManifest.xml:29:5-20
MERGED from [com.android.support:appcompat-v7:25.3.1] AndroidManifest.xml:29:5-20
MERGED from [com.android.support:animated-vector-drawable:25.3.1] AndroidManifest.xml:26:5-20
MERGED from [com.android.support:support-vector-drawable:25.3.1] AndroidManifest.xml:26:5-20
MERGED from [com.android.support:transition:25.3.1] AndroidManifest.xml:26:5-20
MERGED from [com.android.support:support-v4:25.3.1] AndroidManifest.xml:29:5-20
MERGED from [com.android.support:support-fragment:25.3.1] AndroidManifest.xml:29:5-20
MERGED from [com.android.support:support-media-compat:25.3.1] AndroidManifest.xml:29:5-20
MERGED from [com.android.support:support-core-utils:25.3.1] AndroidManifest.xml:29:5-20
MERGED from [com.android.support:gridlayout-v7:25.3.1] AndroidManifest.xml:26:5-20
MERGED from [com.android.support:support-core-ui:25.3.1] AndroidManifest.xml:29:5-20
MERGED from [com.android.support:support-compat:25.3.1] AndroidManifest.xml:29:5-20
MERGED from [com.android.support:cardview-v7:25.3.1] AndroidManifest.xml:26:5-20
	android:label
		ADDED from src/main/AndroidManifest.xml:40:3-35
	android:hardwareAccelerated
		ADDED from src/main/AndroidManifest.xml:39:3-37
	android:allowBackup
		ADDED from src/main/AndroidManifest.xml:38:15-41
	android:icon
		ADDED from src/main/AndroidManifest.xml:39:38-72
	android:theme
		ADDED from src/main/AndroidManifest.xml:41:3-34
	android:name
		ADDED from src/main/AndroidManifest.xml:40:36-91
activity#com.plsco.glowdeck.ui.SplashActivity
ADDED from src/main/AndroidManifest.xml:42:3-49:14
	android:label
		ADDED from src/main/AndroidManifest.xml:43:4-36
	android:launchMode
		ADDED from src/main/AndroidManifest.xml:43:37-67
	android:theme
		ADDED from src/main/AndroidManifest.xml:44:4-40
	android:name
		ADDED from src/main/AndroidManifest.xml:42:13-64
intent-filter#android.intent.action.MAIN+android.intent.category.LAUNCHER
ADDED from src/main/AndroidManifest.xml:45:4-48:20
action#android.intent.action.MAIN
ADDED from src/main/AndroidManifest.xml:46:5-57
	android:name
		ADDED from src/main/AndroidManifest.xml:46:13-54
category#android.intent.category.LAUNCHER
ADDED from src/main/AndroidManifest.xml:47:5-65
	android:name
		ADDED from src/main/AndroidManifest.xml:47:15-62
activity#com.plsco.glowdeck.ui.MainActivity
ADDED from src/main/AndroidManifest.xml:52:3-54:14
	android:imeOptions
		ADDED from src/main/AndroidManifest.xml:53:4-40
	android:name
		ADDED from src/main/AndroidManifest.xml:52:13-62
activity#com.plsco.glowdeck.orders.OrdersActivity
ADDED from src/main/AndroidManifest.xml:55:3-57:14
	android:theme
		ADDED from src/main/AndroidManifest.xml:56:4-40
	android:name
		ADDED from src/main/AndroidManifest.xml:55:13-68
activity#com.plsco.glowdeck.ui.WebViewActivity
ADDED from src/main/AndroidManifest.xml:58:3-61:14
	android:hardwareAccelerated
		ADDED from src/main/AndroidManifest.xml:60:4-39
	android:configChanges
		ADDED from src/main/AndroidManifest.xml:59:4-50
	android:name
		ADDED from src/main/AndroidManifest.xml:58:13-65
activity#com.plsco.glowdeck.ui.EmailViewActivity
ADDED from src/main/AndroidManifest.xml:62:3-63:14
	android:name
		ADDED from src/main/AndroidManifest.xml:62:13-67
activity#com.plsco.glowdeck.colorpicker.AppConfig
ADDED from src/main/AndroidManifest.xml:65:3-69:20
	android:configChanges
		ADDED from src/main/AndroidManifest.xml:66:7-42
	android:theme
		ADDED from src/main/AndroidManifest.xml:67:7-40
	android:name
		ADDED from src/main/AndroidManifest.xml:65:13-68
activity#com.plsco.glowdeck.ui.NewWebAccountActivity
ADDED from src/main/AndroidManifest.xml:72:3-75:14
	android:hardwareAccelerated
		ADDED from src/main/AndroidManifest.xml:74:4-39
	android:configChanges
		ADDED from src/main/AndroidManifest.xml:73:4-50
	android:name
		ADDED from src/main/AndroidManifest.xml:72:13-71
activity#com.plsco.glowdeck.auth.LoginActivity
ADDED from src/main/AndroidManifest.xml:77:3-78:43
	android:imeOptions
		ADDED from src/main/AndroidManifest.xml:78:4-40
	android:name
		ADDED from src/main/AndroidManifest.xml:77:13-65
activity#com.plsco.glowdeck.auth.CreateAccount
ADDED from src/main/AndroidManifest.xml:79:3-84:14
	android:parentActivityName
		ADDED from src/main/AndroidManifest.xml:81:4-70
	android:windowSoftInputMode
		ADDED from src/main/AndroidManifest.xml:80:4-58
	android:name
		ADDED from src/main/AndroidManifest.xml:79:13-65
meta-com.glowdeck.streams.streamdata
ADDED from src/main/AndroidManifest.xml:82:4-83:108
	android:value
		ADDED from src/main/AndroidManifest.xml:83:52-105
	android:name
		ADDED from src/main/AndroidManifest.xml:83:5-51
activity#com.plsco.glowdeck.settings.IndividualSettingsActivity
ADDED from src/main/AndroidManifest.xml:87:3-88:14
	android:name
		ADDED from src/main/AndroidManifest.xml:87:13-82
activity#com.plsco.glowdeck.settings.StreamsSettingsActivity
ADDED from src/main/AndroidManifest.xml:90:3-93:14
	android:label
		ADDED from src/main/AndroidManifest.xml:91:4-58
	android:name
		ADDED from src/main/AndroidManifest.xml:90:13-79
activity#com.plsco.glowdeck.bluetooth.BTDeviceListActivity
ADDED from src/main/AndroidManifest.xml:94:3-99:20
	android:label
		ADDED from src/main/AndroidManifest.xml:96:13-50
	android:theme
		ADDED from src/main/AndroidManifest.xml:98:13-51
	android:name
		ADDED from src/main/AndroidManifest.xml:95:13-77
receiver#com.plsco.glowdeck.services.NetStatusReceiver
ADDED from src/main/AndroidManifest.xml:104:3-108:14
	android:name
		ADDED from src/main/AndroidManifest.xml:104:13-73
intent-filter#android.net.conn.CONNECTIVITY_CHANGE
ADDED from src/main/AndroidManifest.xml:105:4-107:20
action#android.net.conn.CONNECTIVITY_CHANGE
ADDED from src/main/AndroidManifest.xml:106:5-67
	android:name
		ADDED from src/main/AndroidManifest.xml:106:13-64
receiver#com.plsco.glowdeck.services.BTstatusReceiver
ADDED from src/main/AndroidManifest.xml:109:3-116:14
	android:enabled
		ADDED from src/main/AndroidManifest.xml:110:7-29
	android:exported
		ADDED from src/main/AndroidManifest.xml:111:13-37
	android:name
		ADDED from src/main/AndroidManifest.xml:109:13-72
intent-filter#android.bluetooth.adapter.action.STATE_CHANGED
ADDED from src/main/AndroidManifest.xml:112:4-115:20
action#android.bluetooth.adapter.action.STATE_CHANGED
ADDED from src/main/AndroidManifest.xml:113:8-80
	android:name
		ADDED from src/main/AndroidManifest.xml:113:16-77
receiver#com.plsco.glowdeck.services.UpdaterService$USAlarmReceiver
ADDED from src/main/AndroidManifest.xml:118:3-89
	android:name
		ADDED from src/main/AndroidManifest.xml:118:13-86
receiver#com.plsco.glowdeck.services.BootReceiver
ADDED from src/main/AndroidManifest.xml:119:3-126:14
	android:name
		ADDED from src/main/AndroidManifest.xml:119:13-68
intent-filter#android.intent.action.BOOT_COMPLETED
ADDED from src/main/AndroidManifest.xml:121:4-125:20
action#android.intent.action.BOOT_COMPLETED
ADDED from src/main/AndroidManifest.xml:123:5-67
	android:name
		ADDED from src/main/AndroidManifest.xml:123:13-64
service#com.plsco.glowdeck.services.UpdaterService
ADDED from src/main/AndroidManifest.xml:128:3-72
	android:name
		ADDED from src/main/AndroidManifest.xml:128:12-69
meta-data#android.support.VERSION
ADDED from [com.android.support:design:25.3.1] AndroidManifest.xml:25:5-27:34
MERGED from [com.android.support:appcompat-v7:25.3.1] AndroidManifest.xml:25:5-27:34
MERGED from [com.android.support:animated-vector-drawable:25.3.1] AndroidManifest.xml:22:5-24:34
MERGED from [com.android.support:support-vector-drawable:25.3.1] AndroidManifest.xml:22:5-24:34
MERGED from [com.android.support:recyclerview-v7:25.3.1] AndroidManifest.xml:22:5-24:34
MERGED from [com.android.support:transition:25.3.1] AndroidManifest.xml:22:5-24:34
MERGED from [com.android.support:support-v4:25.3.1] AndroidManifest.xml:25:5-27:34
MERGED from [com.android.support:support-fragment:25.3.1] AndroidManifest.xml:25:5-27:34
MERGED from [com.android.support:support-media-compat:25.3.1] AndroidManifest.xml:25:5-27:34
MERGED from [com.android.support:support-core-utils:25.3.1] AndroidManifest.xml:25:5-27:34
MERGED from [com.android.support:gridlayout-v7:25.3.1] AndroidManifest.xml:22:5-24:34
MERGED from [com.android.support:support-core-ui:25.3.1] AndroidManifest.xml:25:5-27:34
MERGED from [com.android.support:support-compat:25.3.1] AndroidManifest.xml:25:5-27:34
MERGED from [com.android.support:cardview-v7:25.3.1] AndroidManifest.xml:22:5-24:34
	android:value
		ADDED from [com.android.support:design:25.3.1] AndroidManifest.xml:27:9-31
	android:name
		ADDED from [com.android.support:design:25.3.1] AndroidManifest.xml:26:9-47